CPU info:
Architecture:                    x86_64
CPU op-mode(s):                  32-bit, 64-bit
Address sizes:                   39 bits physical, 48 bits virtual
Byte Order:                      Little Endian
CPU(s):                          8
On-line CPU(s) list:             0-7
Vendor ID:                       GenuineIntel
Model name:                      Intel(R) Core(TM) i5-8250U CPU @ 1.60GHz
CPU family:                      6
Model:                           142
Thread(s) per core:              2
Core(s) per socket:              4
Socket(s):                       1
Stepping:                        10
CPU(s) scaling MHz:              100%
CPU max MHz:                     3400.0000
CPU min MHz:                     400.0000
BogoMIPS:                        3600.00
Flags:                           fpu vme de pse tsc msr pae mce cx8 apic sep mtrr pge mca cmov pat pse36 clflush dts acpi mmx fxsr sse sse2 ss ht tm pbe syscall nx pdpe1gb rdtscp lm constant_tsc art arch_perfmon pebs bts rep_good nopl xtopology nonstop_tsc cpuid aperfmperf pni pclmulqdq dtes64 monitor ds_cpl vmx est tm2 ssse3 sdbg fma cx16 xtpr pdcm pcid sse4_1 sse4_2 x2apic movbe popcnt tsc_deadline_timer aes xsave avx f16c rdrand lahf_lm abm 3dnowprefetch cpuid_fault epb invpcid_single pti ssbd ibrs ibpb stibp tpr_shadow vnmi flexpriority ept vpid ept_ad fsgsbase tsc_adjust bmi1 avx2 smep bmi2 erms invpcid mpx rdseed adx smap clflushopt intel_pt xsaveopt xsavec xgetbv1 xsaves dtherm ida arat pln pts hwp hwp_notify hwp_act_window hwp_epp md_clear flush_l1d arch_capabilities
Virtualization:                  VT-x
L1d cache:                       128 KiB (4 instances)
L1i cache:                       128 KiB (4 instances)
L2 cache:                        1 MiB (4 instances)
L3 cache:                        6 MiB (1 instance)
NUMA node(s):                    1
NUMA node0 CPU(s):               0-7
Vulnerability Itlb multihit:     KVM: Mitigation: VMX disabled
Vulnerability L1tf:              Mitigation; PTE Inversion; VMX conditional cache flushes, SMT vulnerable
Vulnerability Mds:               Mitigation; Clear CPU buffers; SMT vulnerable
Vulnerability Meltdown:          Mitigation; PTI
Vulnerability Mmio stale data:   Mitigation; Clear CPU buffers; SMT vulnerable
Vulnerability Retbleed:          Mitigation; IBRS
Vulnerability Spec store bypass: Mitigation; Speculative Store Bypass disabled via prctl
Vulnerability Spectre v1:        Mitigation; usercopy/swapgs barriers and __user pointer sanitization
Vulnerability Spectre v2:        Mitigation; IBRS, IBPB conditional, RSB filling, PBRSB-eIBRS Not affected
Vulnerability Srbds:             Mitigation; Microcode
Vulnerability Tsx async abort:   Not affected


Memory:
               total        used        free      shared  buff/cache   available
Mem:         7988192     3241204     1060644      878492     3686344     3543940
Swap:        7987196       18944     7968252


Storage (chroot, cache_topdir):
Filesystem                                             Size  Used Avail Use% Mounted on
/dev/mapper/luks-b3c9631c-640e-4120-8f23-875d4c16423c  251G   19G  230G   8% /
/dev/mapper/luks-b3c9631c-640e-4120-8f23-875d4c16423c  251G   19G  230G   8% /
