gpg-pubkey-38ab71f4-60242b08 1612983048 0 (none) installed
libgcc-12.1.1-1.fc36.x86_64 1651906827 219148 9ccbadcef5e6f59bc950666437e46f0c installed
crypto-policies-20220428-1.gitdfb10ea.fc36.noarch 1651151990 118598 61c69ba0ddc0f22b37c729cca063abaf installed
fedora-release-identity-basic-36-18.noarch 1658151108 687 e2496fbd62197bb066625f5b1a0341c7 installed
tzdata-2022b-1.fc36.noarch 1660532240 1731504 8ac3fd653eba17b62c87846a866353a4 installed
rust-srpm-macros-22-1.fc36.noarch 1658746558 2447 d5c83e138469acf0d2556bd81f4c40a3 installed
qt5-srpm-macros-5.15.5-2.fc36.noarch 1658733675 492 113169b249d64df311cfaa7519e860e5 installed
pcre2-syntax-10.40-1.fc36.noarch 1652294884 234324 69d92d5c8daaad309cdc5f382668dc48 installed
fedora-gpg-keys-36-4.noarch 1660702167 121815 a2ec5d7e5565e41d956a9d5d8e0a4874 installed
fedora-release-36-18.noarch 1658151108 0 b342145fb06edfe499d2f48e662f6ebe installed
fedora-repos-36-4.noarch 1660702167 4597 1f6aa7ee01b7916bb0055571cf178392 installed
fedora-release-common-36-18.noarch 1658151108 17977 ba0438f1b05b9acc4493b0e412a97dd5 installed
setup-2.14.1-1.fc36.noarch 1658305454 735847 8042b4750f4c9f80105d3a1062dc8c78 installed
filesystem-3.18-2.fc36.x86_64 1660053450 106 05d3e9f3f16e093f74429d6e207f27da installed
basesystem-11-13.fc36.noarch 1642630499 0 dba571494620c8a6bfeca553f1163aed installed
coreutils-common-9.0-8.fc36.x86_64 1659970434 11033943 c4f50535bfb883251cdb9c831d9e87ba installed
ansible-srpm-macros-1-7.fc36.noarch 1660847245 96 773e22ce52301737455248c8ad9c6c7a installed
publicsuffix-list-dafsa-20210518-4.fc36.noarch 1642758355 68815 8c2e5a33e587c6e6176327f60c1a8c3c installed
pkgconf-m4-1.8.0-2.fc36.noarch 1642756023 14187 d0183ed9c26179d66bb03152ad9f4a8c installed
perl-srpm-macros-1-43.fc36.noarch 1642748988 862 e81b93b04b65c7d06c3d2c480ac6ed55 installed
openblas-srpm-macros-2-11.fc36.noarch 1642717776 104 9fdaf2920a1e1b2432d3d9b2822fb6dc installed
ocaml-srpm-macros-6-6.fc36.noarch 1642716607 745 23410c51e7bd7b313e5dd1b144d28aac installed
nim-srpm-macros-3-6.fc36.noarch 1642713962 1098 5638251429f9ef69dbb1662a9dfa842f installed
ncurses-base-6.2-9.20210508.fc36.noarch 1642729699 307293 18aaf07e9d40412a06e5b9aacef066ad installed
bash-5.1.16-2.fc36.x86_64 1642630501 7739755 c2f063aad0d16d66c18ed52708af9a5e installed
ncurses-libs-6.2-9.20210508.fc36.x86_64 1642712888 998407 3c11a161343f2f4224cc28aa37225ef3 installed
glibc-common-2.35-15.fc36.x86_64 1658508549 1106996 d5bb29df5eeb5c8bd1913ad323e00893 installed
glibc-gconv-extra-2.35-15.fc36.x86_64 1658508549 8278636 80594ff7869d88a9a450146177921be7 installed
glibc-minimal-langpack-2.35-15.fc36.x86_64 1658508549 0 17171a4bf7d73d9bde7fe5690b1dca5f installed
glibc-2.35-15.fc36.x86_64 1658508549 7176847 95e4593deb3ef85de1909c22c54e3ceb installed
zlib-1.2.11-32.fc36.x86_64 1660120604 203665 9a4a3b3772a3baa7be26a49bcef8e5ab installed
xz-libs-5.2.5-9.fc36.x86_64 1650187280 177493 efd26841cc9c62d07dc3b7b84bf9b9f9 installed
bzip2-libs-1.0.8-11.fc36.x86_64 1642632623 78836 3f79c99f090f222f490eabbb7fb5872d installed
elfutils-libelf-0.187-4.fc36.x86_64 1651848311 1027313 a13021e641e245f6a402d9dc3fd937a6 installed
popt-1.18-7.fc36.x86_64 1642757136 130440 81d2c3e9b32b284814e1e38855672291 installed
libstdc++-12.1.1-1.fc36.x86_64 1651906827 2581674 5b234a391f4ed9fce246842cfd7693af installed
libuuid-2.38-1.fc36.x86_64 1654087876 34589 7ad33d4392efe60552482eaf1d72836c installed
libzstd-1.5.2-2.fc36.x86_64 1652952111 755203 1306cab75396e0065344dddcdab6ac01 installed
gmp-1:6.2.1-2.fc36.x86_64 1642660331 818591 1d2f7b9ea8946d9fd6e35687258d0125 installed
libattr-2.5.1-4.fc36.x86_64 1642629571 29517 cae11279f7bc615b92b6e61b68fa1799 installed
libacl-2.3.1-3.fc36.x86_64 1642625839 37154 a48471e8a37641578b4ca2127aa9e4ca installed
libcap-2.48-4.fc36.x86_64 1642694897 182431 18c3777b2c5fec060043ed996d78efa9 installed
libxcrypt-4.4.28-1.fc36.x86_64 1643755468 275610 1630a8c08189b88adc8220de853ab24b installed
libcom_err-1.46.5-2.fc36.x86_64 1642642651 69105 4c47f4581255ab7bd07cf8d5636105d8 installed
lz4-libs-1.9.3-4.fc36.x86_64 1642704042 145635 7782c95ab9818b1d34fa5bb0ac9bed44 installed
readline-8.1-6.fc36.x86_64 1642788670 493084 2727061b162461fec3a331fe7ea90bfd installed
mpfr-4.1.0-9.fc36.x86_64 1642711397 814735 b977356a53fcdfc70283369cba52d112 installed
dwz-0.14-4.fc36.x86_64 1656198849 281846 09ba5cff709493a79e6004ec044016bc installed
unzip-6.0-57.fc36.x86_64 1642822937 401747 146b0e0f0d9385401229e773ab4e0573 installed
file-libs-5.41-4.fc36.x86_64 1642647844 8803794 774edd9c84a63f92a31db83265e067a6 installed
file-5.41-4.fc36.x86_64 1642647844 98501 b4bb774fa0a818425e03ad1528c246e1 installed
sqlite-libs-3.36.0-5.fc36.x86_64 1643075972 1359729 f7aa026c5842542736d89d70ca12a323 installed
alternatives-1.19-2.fc36.x86_64 1642634100 63928 b2d9351716ce9db74c48a7a7f2a43560 installed
libeconf-0.4.0-3.fc36.x86_64 1642695618 46347 4559ef3856fcc7cf1e5392fcac9f35cb installed
libsepol-3.3-3.fc36.x86_64 1642699393 755979 d7d42d2b0a04746edeb728f26f74b742 installed
libunistring-1.0-1.fc36.x86_64 1643012295 1853531 d562eec7faad17d8182a324b41c6697b installed
libidn2-2.3.3-1.fc36.x86_64 1657745764 318987 c36df7838365f6dd65f6d46a97a54f91 installed
libcap-ng-0.8.3-1.fc36.x86_64 1653946780 78604 b265830420c8299bbe6409d1ab91c739 installed
audit-libs-3.0.8-1.fc36.x86_64 1648593499 306025 7f791fcb82200f7eea1b074ee4408d0e installed
pam-libs-1.5.2-13.fc36.x86_64 1658392532 131055 761e4c9dd3ec5d3a0e1b18faab37f4fa installed
libsmartcols-2.38-1.fc36.x86_64 1654087876 140139 0859cd0b0b17cacbc1b8b536b86ad764 installed
lua-libs-5.4.4-3.fc36.x86_64 1658242593 556062 76301b9f1b406e237841c19930da9dcc installed
libpsl-0.21.1-5.fc36.x86_64 1642698699 78688 ebdc5841d257b0441a3ce24bdbacf61a installed
zip-3.0-32.fc36.x86_64 1642831123 713023 f3112251a856198c3bca4d8b64ecff2a installed
zstd-1.5.2-2.fc36.x86_64 1652952111 1608976 e8a88655b2633528da8b867d919ef0ac installed
bzip2-1.0.8-11.fc36.x86_64 1642632623 94325 dd85e6cbb6418492ea0c233983a8e47a installed
libxml2-2.9.14-1.fc36.x86_64 1651559376 1962670 39cf6786332705e78a483942d55503be installed
cpio-2.13-12.fc36.x86_64 1643049291 1084091 861963b0bf5770377bc00bbb2615da1f installed
diffutils-3.8-2.fc36.x86_64 1642639470 1511102 324ab1a6836c523a5c45478e562e12eb installed
gdbm-libs-1:1.22-2.fc36.x86_64 1642651758 129034 15c96f90cad76fb01e93485a3a19b443 installed
info-6.8-3.fc36.x86_64 1642819738 504062 ddcaaf58b7e5f4767f9c6fe9d4aecf16 installed
ed-1.14.2-12.fc36.x86_64 1642642895 129987 5a0c724feff9ab4c2e42f25cea9f2d70 installed
keyutils-libs-1.6.1-4.fc36.x86_64 1642689501 55961 9f8521c15f14ddaebe1b8978b243edac installed
libbrotli-1.0.9-7.fc36.x86_64 1642632154 780690 b25085c4451dddd85ed38e473292fcc7 installed
libdb-5.3.28-51.fc36.x86_64 1642695506 1947678 ec8aa1689281976686ce963e63eff9d4 installed
libffi-3.4.2-8.fc36.x86_64 1643635882 66449 1759345ee673bd9dcee538e41958eb47 installed
p11-kit-0.24.1-2.fc36.x86_64 1642719910 1678141 680d473635e5b27c6987bb2e7635d886 installed
libnghttp2-1.46.0-2.fc36.x86_64 1642713778 162572 4189e0b83b5fade2d101b0c8d82efe32 installed
libpkgconf-1.8.0-2.fc36.x86_64 1642755895 76121 6501d6783e8579c0a3c0ac9614fa6ae1 installed
pkgconf-1.8.0-2.fc36.x86_64 1642755895 81611 d477253ad5ea8946cab5c4e826f11ccb installed
pkgconf-pkg-config-1.8.0-2.fc36.x86_64 1642755895 989 937809fc7bcbcc644b0f4b43e305674b installed
libsigsegv-2.14-2.fc36.x86_64 1642699528 50681 c7581a2aab8e3393f53fc6f778292025 installed
gawk-5.1.1-2.fc36.x86_64 1643206261 1718962 689226fa6bce6313706f06d71d5a0a7c installed
libtasn1-4.18.0-2.fc36.x86_64 1642699960 184130 d2444577fdce158192df8204e9ff6332 installed
p11-kit-trust-0.24.1-2.fc36.x86_64 1642719910 451463 1b19733ef50838dd05f5dd64184c50c7 installed
libverto-0.3.2-3.fc36.x86_64 1642700607 30453 f4be23a2cc0a013ac1a474e1e110e945 installed
pcre-8.45-1.fc36.1.x86_64 1642720880 547748 70b71b445d56033dfa6b1dbbd41fe773 installed
grep-3.7-2.fc36.x86_64 1642679658 883039 997f6c9327390cac692c31e2c4022fd1 installed
xz-5.2.5-9.fc36.x86_64 1650187280 686091 d7a6320871d27e6ce2cde30ee9d2d976 installed
xxhash-libs-0.8.1-2.fc36.x86_64 1642830182 96960 f8668f6410d0c802216cabf31e7b6645 installed
libgomp-12.1.1-1.fc36.x86_64 1651906827 445875 7ef35135e7cfd5cb7317332e20b98312 installed
libgpg-error-1.45-1.fc36.x86_64 1649332800 891566 0f765e7d766bc85b0a56d680386ae7c7 installed
libgcrypt-1.10.1-3.fc36.x86_64 1653991113 1399681 1ee5941e15b34e28413d4cc3c9be82af installed
systemd-libs-250.8-1.fc36.x86_64 1657804970 1778920 fee1e574662dcad8dcd0c85a5f66a5ef installed
pcre2-10.40-1.fc36.x86_64 1652294774 656570 72240b45312ed152ed4e25c12a2edb4e installed
libselinux-3.3-4.fc36.x86_64 1643260237 173701 a06ed6d86dc419bf10de50646314a843 installed
sed-4.8-10.fc36.x86_64 1642814243 813663 9dd469a81b1fe4bf45d0d8d4008cc4d4 installed
findutils-1:4.9.0-1.fc36.x86_64 1643793544 1539935 94b599a506bfc69824e6061868da81a5 installed
openssl-libs-1:3.0.5-1.fc36.x86_64 1657195609 6875475 4f696f09b6df6601d8969db48d02cd81 installed
coreutils-9.0-8.fc36.x86_64 1659970434 5945882 da51d4fe2990bee9eca9260c36fb5f8e installed
ca-certificates-2022.2.54-1.2.fc36.noarch 1659635349 2344948 16eed1203dad3a8d850f38e07e2a3a70 installed
krb5-libs-1.19.2-11.fc36.x86_64 1655359842 2200788 368ba95188e91b6bf828415b32538712 installed
libblkid-2.38-1.fc36.x86_64 1654087876 235145 f04f6df0f7ea7c8d9261b87b3c194b23 installed
libmount-2.38-1.fc36.x86_64 1654087876 319461 b296271d68fcc03a72ea74b7a4430a19 installed
libtirpc-1.3.3-0.fc36.x86_64 1659968377 208386 fdf47727716556da48ced01cde2672de installed
gzip-1.11-3.fc36.x86_64 1649948242 379387 fbd633f06b98d796b7b21064a1470aa6 installed
authselect-libs-1.4.0-1.fc36.x86_64 1652349170 975498 1da4943ed8d40a52576a3fa5b9fe4e1f installed
authselect-1.4.0-1.fc36.x86_64 1652349170 155152 3c37b53abb30958748eb027da0b826bb installed
cracklib-2.9.6-28.fc36.x86_64 1642636972 252442 4aec21052ece4e183118be7db0633f94 installed
libnsl2-2.0.0-3.fc36.x86_64 1642698078 59630 d01b13b8766b3140b45fbe1fcfc64bda installed
libpwquality-1.4.4-7.fc36.x86_64 1642698729 416316 2d40bf657dab6406cc108d38278202ee installed
pam-1.5.2-13.fc36.x86_64 1658392532 1863738 29dfd5b74e5c7eae6f87f1671bb03b97 installed
util-linux-core-2.38-1.fc36.x86_64 1654087876 1348373 7627e456e0c6506e5b74d3422ec9b540 installed
libfdisk-2.38-1.fc36.x86_64 1654087876 388347 adb1e13fdbb9ab7e97d8b3b5bbe1bf11 installed
cyrus-sasl-lib-2.1.27-18.fc36.x86_64 1645610757 2443592 b25df35b72f94273f347dcc3b762e50b installed
libevent-2.1.12-6.fc36.x86_64 1642695913 932442 d3bcdaca05642e4031c6b00e4165e929 installed
openldap-2.6.2-3.fc36.x86_64 1660595449 655428 566833bc94f4f3fb0e126d79669d90f9 installed
libarchive-3.5.3-3.fc36.x86_64 1657788974 915702 9440cb3a972d96d72e04badef2e1064d installed
libsemanage-3.3-3.fc36.x86_64 1645456730 304176 6c890c94c9c5d12e4d5fc63d63502ccc installed
shadow-utils-2:4.11.1-3.fc36.x86_64 1659686237 3808211 b595f2b86f508def0c384f5141fcdef9 installed
libutempter-1.2.1-6.fc36.x86_64 1642700438 59641 83231d43a6d890933d9b1f745dabca0a installed
patch-2.7.6-16.fc36.x86_64 1642720694 257402 bed8003ecd4950f8d71281d5eec76a33 installed
tar-2:1.34-3.fc36.x86_64 1642819001 3156470 012796c638f65e67aee9fc85bbf2c2c0 installed
package-notes-srpm-macros-0.4-14.fc36.noarch 1643145346 4713 bfeed34ed3c2028d385fa2f00ff80692 installed
elfutils-default-yama-scope-0.187-4.fc36.noarch 1651848460 1810 9e495001a1515a541dc8e30945790fcb installed
libssh-config-0.9.6-4.fc36.noarch 1643362974 277 ea07e86b4b7bd1e7c7f400c9c4aff047 installed
libssh-0.9.6-4.fc36.x86_64 1643362901 513233 9e64fbc1ffd154ade9a0296cd257adca installed
libcurl-7.82.0-7.fc36.x86_64 1658139956 693726 9793ffe3cfb351cb12b943050c472626 installed
elfutils-libs-0.187-4.fc36.x86_64 1651848311 682909 23f1ba992fa25f3dcd62995ad18560c5 installed
elfutils-debuginfod-client-0.187-4.fc36.x86_64 1651848311 58414 5c41c4e038218f5646324b9240fc524f installed
binutils-gold-2.37-27.fc36.x86_64 1646912011 2017923 cc89078460e45b52ff01408d291c53a8 installed
binutils-2.37-27.fc36.x86_64 1646912011 34646631 3b64a3f2b9e84d8c8581ee63f29c8c7a installed
elfutils-0.187-4.fc36.x86_64 1651848311 2792417 61dbf2c558e2ab610f7ac6f9500b1e9c installed
gdb-minimal-12.1-1.fc36.x86_64 1652308895 12927900 3a4178e8b09bae03061555523d75e427 installed
debugedit-5.0-3.fc36.x86_64 1642638560 195467 2d3194c21b7841f066cf5e4034a4b886 installed
curl-7.82.0-7.fc36.x86_64 1658139956 700245 18d87514f712c4f397f238f8009affff installed
rpm-4.17.1-3.fc36.x86_64 1659443516 2945888 2b3e147d054635b2ad439069983f766d installed
rpm-libs-4.17.1-3.fc36.x86_64 1659443516 775612 25c4d7a62303a6acc5f9b28d5808eb0e installed
rpm-build-libs-4.17.1-3.fc36.x86_64 1659443516 199702 baa457d2ce42db92b3992b93e46b8a1d installed
efi-srpm-macros-5-5.fc36.noarch 1642643073 41111 470773ad4c453110a362916e1f136e95 installed
lua-srpm-macros-1-6.fc36.noarch 1642703239 1314 35271c0a77060bce32f85499ea345349 installed
rpmautospec-rpm-macros-0.3.0-1.fc36.noarch 1658916108 707 ed487dff72511574c254de1860a2f110 installed
kernel-srpm-macros-1.0-14.fc36.noarch 1642689338 1064 f8e43f2dac5669088fbf42ccf61345e7 installed
gnat-srpm-macros-4-15.fc36.noarch 1642660377 725 c33bf7b869799982c5eb303f46cc03d0 installed
ghc-srpm-macros-1.5.0-6.fc36.noarch 1642657220 535 359c6494b485d3148505ba5eb02e33fd installed
fpc-srpm-macros-1.3-5.fc36.noarch 1642649145 144 92804cff4b39a29312372eb0229cc5c1 installed
fonts-srpm-macros-1:2.0.5-7.fc36.noarch 1642648991 56503 6e687e69f06621c5e903ae9b0790d024 installed
go-srpm-macros-3.1.0-4.fc36.noarch 1660062377 60838 102ee6c00ad07aae380c80c7d4572cef installed
python-srpm-macros-3.10-19.fc36.noarch 1658330051 44346 5fcd20257cec2d1d52db75789649be72 installed
redhat-rpm-config-221-1.fc36.noarch 1654090844 195345 5a30d9100e048b0364fffde3905fb23d installed
rpm-build-4.17.1-3.fc36.x86_64 1659443516 146252 4355948791e048c5222e8f82a83720a7 installed
util-linux-2.38-1.fc36.x86_64 1654087876 11568355 87842f245e376554c6fd57851acf9ac2 installed
which-2.21-32.fc36.x86_64 1642826022 82543 c60dd2177d3ac770db583ab5610a2a76 installed
