2022-08-22 11:11:01,126 - Mock Version: 3.1
2022-08-22 11:11:01,757 - Start: dnf update
2022-08-22 11:11:08,719 - Finish: dnf update
2022-08-22 11:11:08,725 - Finish: chroot init
2022-08-22 11:11:08,727 - Start: build phase for extension-manager-0.3.1-1.fc36.src.rpm
2022-08-22 11:11:08,728 - Start: build setup for extension-manager-0.3.1-1.fc36.src.rpm
2022-08-22 11:11:15,740 - Finish: build setup for extension-manager-0.3.1-1.fc36.src.rpm
2022-08-22 11:11:15,740 - Start: Outputting list of installed packages
2022-08-22 11:11:15,860 - Finish: Outputting list of installed packages
2022-08-22 11:11:15,861 - Start: rpmbuild extension-manager-0.3.1-1.fc36.src.rpm
2022-08-22 11:11:16,034 - Finish: rpmbuild extension-manager-0.3.1-1.fc36.src.rpm
2022-08-22 11:11:16,034 - Finish: build phase for extension-manager-0.3.1-1.fc36.src.rpm
2022-08-22 11:16:30,006 - Mock Version: 3.1
2022-08-22 11:16:30,702 - Start: dnf update
2022-08-22 11:16:37,888 - Finish: dnf update
2022-08-22 11:16:37,896 - Finish: chroot init
2022-08-22 11:16:37,899 - Start: build phase for extension-manager-0.3.1-1.fc36.src.rpm
2022-08-22 11:16:37,901 - Start: build setup for extension-manager-0.3.1-1.fc36.src.rpm
2022-08-22 11:16:45,600 - Finish: build setup for extension-manager-0.3.1-1.fc36.src.rpm
2022-08-22 11:16:45,601 - Start: Outputting list of installed packages
2022-08-22 11:16:45,736 - Finish: Outputting list of installed packages
2022-08-22 11:16:45,736 - Start: rpmbuild extension-manager-0.3.1-1.fc36.src.rpm
2022-08-22 11:16:45,899 - Finish: rpmbuild extension-manager-0.3.1-1.fc36.src.rpm
2022-08-22 11:16:45,899 - Finish: build phase for extension-manager-0.3.1-1.fc36.src.rpm
2022-08-22 11:18:06,786 - Mock Version: 3.1
2022-08-22 11:18:07,467 - Start: dnf update
2022-08-22 11:18:14,432 - Finish: dnf update
2022-08-22 11:18:14,437 - Finish: chroot init
2022-08-22 11:18:14,439 - Start: build phase for extension-manager-0.3.1-1.fc36.src.rpm
2022-08-22 11:18:14,440 - Start: build setup for extension-manager-0.3.1-1.fc36.src.rpm
2022-08-22 11:18:21,696 - Finish: build setup for extension-manager-0.3.1-1.fc36.src.rpm
2022-08-22 11:18:21,697 - Start: Outputting list of installed packages
2022-08-22 11:18:21,820 - Finish: Outputting list of installed packages
2022-08-22 11:18:21,820 - Start: rpmbuild extension-manager-0.3.1-1.fc36.src.rpm
2022-08-22 11:18:21,968 - Finish: rpmbuild extension-manager-0.3.1-1.fc36.src.rpm
2022-08-22 11:18:21,968 - Finish: build phase for extension-manager-0.3.1-1.fc36.src.rpm
2022-08-22 11:18:55,404 - Mock Version: 3.1
2022-08-22 11:18:56,051 - Start: dnf update
2022-08-22 11:19:03,363 - Finish: dnf update
2022-08-22 11:19:03,368 - Finish: chroot init
2022-08-22 11:19:03,370 - Start: build phase for extension-manager-0.3.1-1.fc36.src.rpm
2022-08-22 11:19:03,371 - Start: build setup for extension-manager-0.3.1-1.fc36.src.rpm
2022-08-22 11:19:10,209 - Finish: build setup for extension-manager-0.3.1-1.fc36.src.rpm
2022-08-22 11:19:10,210 - Start: Outputting list of installed packages
2022-08-22 11:19:10,344 - Finish: Outputting list of installed packages
2022-08-22 11:19:10,344 - Start: rpmbuild extension-manager-0.3.1-1.fc36.src.rpm
2022-08-22 11:19:10,507 - Finish: rpmbuild extension-manager-0.3.1-1.fc36.src.rpm
2022-08-22 11:19:10,507 - Finish: build phase for extension-manager-0.3.1-1.fc36.src.rpm
